c:\github\awareness-project\opencvsample\opencvsample.interop\x64\release\opencvsample.interop.pch
c:\github\awareness-project\opencvsample\opencvsample.interop\x64\release\vc141.pdb
c:\github\awareness-project\opencvsample\opencvsample.interop\x64\release\stdafx.sbr
c:\github\awareness-project\opencvsample\opencvsample.interop\x64\release\stdafx.obj
c:\github\awareness-project\opencvsample\opencvsample.interop\x64\release\assemblyinfo.sbr
c:\github\awareness-project\opencvsample\opencvsample.interop\x64\release\cascadeclassifierunm.sbr
c:\github\awareness-project\opencvsample\opencvsample.interop\x64\release\facecasclassifier.sbr
c:\github\awareness-project\opencvsample\opencvsample.interop\x64\release\facelandmarkunm.sbr
c:\github\awareness-project\opencvsample\opencvsample.interop\x64\release\facetrackingunm.sbr
c:\github\awareness-project\opencvsample\opencvsample.interop\x64\release\imagebuffer.sbr
c:\github\awareness-project\opencvsample\opencvsample.interop\x64\release\opencvnative.sbr
c:\github\awareness-project\opencvsample\opencvsample.interop\x64\release\opencvnative.obj
c:\github\awareness-project\opencvsample\opencvsample.interop\x64\release\imagebuffer.obj
c:\github\awareness-project\opencvsample\opencvsample.interop\x64\release\facetrackingunm.obj
c:\github\awareness-project\opencvsample\opencvsample.interop\x64\release\facelandmarkunm.obj
c:\github\awareness-project\opencvsample\opencvsample.interop\x64\release\facecasclassifier.obj
c:\github\awareness-project\opencvsample\opencvsample.interop\x64\release\cascadeclassifierunm.obj
c:\github\awareness-project\opencvsample\opencvsample.interop\x64\release\assemblyinfo.obj
c:\github\awareness-project\opencvsample\opencvsample.interop\x64\release\.netframework,version=v4.7.assemblyattributes.sbr
c:\github\awareness-project\opencvsample\opencvsample.interop\x64\release\.netframework,version=v4.7.assemblyattributes.obj
c:\github\awareness-project\opencvsample\opencvsample.interop\x64\release\.netframework,version=v4.7.assemblyattributes.asm
c:\github\awareness-project\opencvsample\opencvsample.interop\x64\release\opencvsample.interop.dll
c:\github\awareness-project\opencvsample\opencvsample.interop\x64\release\opencvsample.interop.pdb
c:\github\awareness-project\opencvsample\opencvsample.interop\x64\release\app.res
c:\github\awareness-project\opencvsample\opencvsample.interop\x64\release\opencvsample.interop.bsc
c:\github\awareness-project\opencvsample\opencvsample.interop\x64\release\opencvsample.interop.dll.metagen
c:\github\awareness-project\opencvsample\opencvsample.interop\x64\release\opencvsa.0c0d11f0.tlog\bscmake.command.1.tlog
c:\github\awareness-project\opencvsample\opencvsample.interop\x64\release\opencvsa.0c0d11f0.tlog\bscmake.read.1.tlog
c:\github\awareness-project\opencvsample\opencvsample.interop\x64\release\opencvsa.0c0d11f0.tlog\cl.command.1.tlog
c:\github\awareness-project\opencvsample\opencvsample.interop\x64\release\opencvsa.0c0d11f0.tlog\cl.read.1.tlog
c:\github\awareness-project\opencvsample\opencvsample.interop\x64\release\opencvsa.0c0d11f0.tlog\cl.write.1.tlog
c:\github\awareness-project\opencvsample\opencvsample.interop\x64\release\opencvsa.0c0d11f0.tlog\link.command.1.tlog
c:\github\awareness-project\opencvsample\opencvsample.interop\x64\release\opencvsa.0c0d11f0.tlog\link.read.1.tlog
c:\github\awareness-project\opencvsample\opencvsample.interop\x64\release\opencvsa.0c0d11f0.tlog\link.write.1.tlog
c:\github\awareness-project\opencvsample\opencvsample.interop\x64\release\opencvsa.0c0d11f0.tlog\metagen.read.1.tlog
c:\github\awareness-project\opencvsample\opencvsample.interop\x64\release\opencvsa.0c0d11f0.tlog\metagen.write.1.tlog
c:\github\awareness-project\opencvsample\opencvsample.interop\x64\release\opencvsa.0c0d11f0.tlog\rc.command.1.tlog
c:\github\awareness-project\opencvsample\opencvsample.interop\x64\release\opencvsa.0c0d11f0.tlog\rc.read.1.tlog
c:\github\awareness-project\opencvsample\opencvsample.interop\x64\release\opencvsa.0c0d11f0.tlog\rc.write.1.tlog
c:\github\awareness-project\opencvsample\opencvsample.interop\x64\release\opencvsa.0c0d11f0.tlog\tzres.dll.bi
