c:\psi\awareness\awareness\opencvsample.interop\x64\debug\opencvsample.interop.pch
c:\psi\awareness\awareness\opencvsample.interop\x64\debug\vc141.pdb
c:\psi\awareness\awareness\opencvsample.interop\x64\debug\stdafx.obj
c:\psi\awareness\awareness\opencvsample.interop\x64\debug\opencvnative.obj
c:\psi\awareness\awareness\opencvsample.interop\x64\debug\imagebuffer.obj
c:\psi\awareness\awareness\opencvsample.interop\x64\debug\facelandmarkunm.obj
c:\psi\awareness\awareness\opencvsample.interop\x64\debug\facecasclassifier.obj
c:\psi\awareness\awareness\opencvsample.interop\x64\debug\cascadeclassifierunm.obj
c:\psi\awareness\awareness\opencvsample.interop\x64\debug\assemblyinfo.obj
c:\psi\awareness\awareness\opencvsample.interop\x64\debug\.netframework,version=v4.7.assemblyattributes.obj
c:\psi\awareness\awareness\opencvsample.interop\x64\debug\.netframework,version=v4.7.assemblyattributes.asm
c:\psi\awareness\awareness\opencvsample.interop\x64\debug\opencvsample.interop.dll
c:\psi\awareness\awareness\opencvsample.interop\x64\debug\opencvsample.interop.pdb
c:\psi\awareness\awareness\opencvsample.interop\x64\debug\app.res
c:\psi\awareness\awareness\opencvsample.interop\x64\debug\opencvsample.interop.dll.metagen
c:\psi\awareness\awareness\opencvsample.interop\x64\debug\opencvsa.0c0d11f0.tlog\cl.command.1.tlog
c:\psi\awareness\awareness\opencvsample.interop\x64\debug\opencvsa.0c0d11f0.tlog\cl.read.1.tlog
c:\psi\awareness\awareness\opencvsample.interop\x64\debug\opencvsa.0c0d11f0.tlog\cl.write.1.tlog
c:\psi\awareness\awareness\opencvsample.interop\x64\debug\opencvsa.0c0d11f0.tlog\link.command.1.tlog
c:\psi\awareness\awareness\opencvsample.interop\x64\debug\opencvsa.0c0d11f0.tlog\link.read.1.tlog
c:\psi\awareness\awareness\opencvsample.interop\x64\debug\opencvsa.0c0d11f0.tlog\link.write.1.tlog
c:\psi\awareness\awareness\opencvsample.interop\x64\debug\opencvsa.0c0d11f0.tlog\metagen.read.1.tlog
c:\psi\awareness\awareness\opencvsample.interop\x64\debug\opencvsa.0c0d11f0.tlog\metagen.write.1.tlog
c:\psi\awareness\awareness\opencvsample.interop\x64\debug\opencvsa.0c0d11f0.tlog\rc.command.1.tlog
c:\psi\awareness\awareness\opencvsample.interop\x64\debug\opencvsa.0c0d11f0.tlog\rc.read.1.tlog
c:\psi\awareness\awareness\opencvsample.interop\x64\debug\opencvsa.0c0d11f0.tlog\rc.write.1.tlog
c:\psi\awareness\awareness\opencvsample.interop\x64\debug\opencvsa.0c0d11f0.tlog\tzres.dll.bi
